<?xml version="1.0" encoding="UTF-8"?>
<!-- Generated by org.testng.reporters.JUnitReportReporter -->
<testsuite skipped="0" hostname="DESKTOP-9BMLCIN" name="com.xxx.selenium.xxx" tests="1" failures="0" timestamp="10 Sep 2018 09:29:05 GMT" time="20.168" errors="0">
  <testcase name="testCase1" time="20.168" classname="com.xxx.selenium.xxx"/>
</testsuite> <!-- com.xxx.selenium.xxx -->
